[2025-03-09 21:21:49] TRACE [http-nio-2080-exec-7] o.s.security.web.FilterChainProxy - Trying to match request against DefaultSecurityFilterChain defined as 'securityFilterChain' in [class path resource [com/example/jwtexam/config/SecurityConfig.class]] matching [any request] and having filters [DisableEncodeUrl, WebAsyncManagerIntegration, SecurityContextHolder, HeaderWriter, Cors, Logout, JwtAuthentication, RequestCacheAware, SecurityContextHolderAwareRequest, AnonymousAuthentication, SessionManagement, ExceptionTranslation, Authorization] (1/1)
[2025-03-09 21:21:49] DEBUG [http-nio-2080-exec-7] o.s.security.web.FilterChainProxy - Securing GET /api/info
[2025-03-09 21:21:49] TRACE [http-nio-2080-exec-7] o.s.security.web.FilterChainProxy - Invoking DisableEncodeUrlFilter (1/13)
[2025-03-09 21:21:49] TRACE [http-nio-2080-exec-7] o.s.security.web.FilterChainProxy - Invoking WebAsyncManagerIntegrationFilter (2/13)
[2025-03-09 21:21:49] TRACE [http-nio-2080-exec-7] o.s.security.web.FilterChainProxy - Invoking SecurityContextHolderFilter (3/13)
[2025-03-09 21:21:49] TRACE [http-nio-2080-exec-7] o.s.security.web.FilterChainProxy - Invoking HeaderWriterFilter (4/13)
[2025-03-09 21:21:49] TRACE [http-nio-2080-exec-7] o.s.security.web.FilterChainProxy - Invoking CorsFilter (5/13)
[2025-03-09 21:21:49] TRACE [http-nio-2080-exec-7] o.s.security.web.FilterChainProxy - Invoking LogoutFilter (6/13)
[2025-03-09 21:21:49] TRACE [http-nio-2080-exec-7] o.s.s.w.a.logout.LogoutFilter - Did not match request to Or [Ant [pattern='/logout', GET], Ant [pattern='/logout', POST], Ant [pattern='/logout', PUT], Ant [pattern='/logout', DELETE]]
[2025-03-09 21:21:49] TRACE [http-nio-2080-exec-7] o.s.security.web.FilterChainProxy - Invoking JwtAuthenticationFilter (7/13)
[2025-03-09 21:21:49] TRACE [http-nio-2080-exec-7] o.s.security.web.FilterChainProxy - Invoking RequestCacheAwareFilter (8/13)
[2025-03-09 21:21:49] TRACE [http-nio-2080-exec-7] o.s.security.web.FilterChainProxy - Invoking SecurityContextHolderAwareRequestFilter (9/13)
[2025-03-09 21:21:49] TRACE [http-nio-2080-exec-7] o.s.security.web.FilterChainProxy - Invoking AnonymousAuthenticationFilter (10/13)
[2025-03-09 21:21:49] TRACE [http-nio-2080-exec-7] o.s.security.web.FilterChainProxy - Invoking SessionManagementFilter (11/13)
[2025-03-09 21:21:49] TRACE [http-nio-2080-exec-7] o.s.s.w.c.SupplierDeferredSecurityContext - Created SecurityContextImpl [Null authentication]
[2025-03-09 21:21:49] TRACE [http-nio-2080-exec-7] o.s.s.w.a.AnonymousAuthenticationFilter - Set SecurityContextHolder to AnonymousAuthenticationToken [Principal=anonymousUser, Credentials=[PROTECTED], Authenticated=true, Details=WebAuthenticationDetails [RemoteIpAddress=0:0:0:0:0:0:0:1, SessionId=null], Granted Authorities=[ROLE_ANONYMOUS]]
[2025-03-09 21:21:49] DEBUG [http-nio-2080-exec-7] o.s.s.w.s.SessionManagementFilter - Request requested invalid session id 19A100B787712717102FEBA7B26BDC68
[2025-03-09 21:21:49] TRACE [http-nio-2080-exec-7] o.s.security.web.FilterChainProxy - Invoking ExceptionTranslationFilter (12/13)
[2025-03-09 21:21:49] TRACE [http-nio-2080-exec-7] o.s.security.web.FilterChainProxy - Invoking AuthorizationFilter (13/13)
[2025-03-09 21:21:49] TRACE [http-nio-2080-exec-7] o.s.s.w.a.i.RequestMatcherDelegatingAuthorizationManager - Authorizing GET /api/info
[2025-03-09 21:21:49] TRACE [http-nio-2080-exec-7] o.s.s.w.a.i.RequestMatcherDelegatingAuthorizationManager - Checking authorization on GET /api/info using org.springframework.security.authorization.AuthenticatedAuthorizationManager@307ebb81
[2025-03-09 21:21:49] TRACE [http-nio-2080-exec-7] o.s.s.w.a.ExceptionTranslationFilter - Sending AnonymousAuthenticationToken [Principal=anonymousUser, Credentials=[PROTECTED], Authenticated=true, Details=WebAuthenticationDetails [RemoteIpAddress=0:0:0:0:0:0:0:1, SessionId=null], Granted Authorities=[ROLE_ANONYMOUS]] to authentication entry point since access is denied
org.springframework.security.authorization.AuthorizationDeniedException: Access Denied
	at org.springframework.security.web.access.intercept.AuthorizationFilter.doFilter(AuthorizationFilter.java:99)
	at org.springframework.security.web.FilterChainProxy$VirtualFilterChain.doFilter(FilterChainProxy.java:374)
	at org.springframework.security.web.access.ExceptionTranslationFilter.doFilter(ExceptionTranslationFilter.java:126)
	at org.springframework.security.web.access.ExceptionTranslationFilter.doFilter(ExceptionTranslationFilter.java:120)
	at org.springframework.security.web.FilterChainProxy$VirtualFilterChain.doFilter(FilterChainProxy.java:374)
	at org.springframework.security.web.session.SessionManagementFilter.doFilter(SessionManagementFilter.java:131)
	at org.springframework.security.web.session.SessionManagementFilter.doFilter(SessionManagementFilter.java:85)
	at org.springframework.security.web.FilterChainProxy$VirtualFilterChain.doFilter(FilterChainProxy.java:374)
	at org.springframework.security.web.authentication.AnonymousAuthenticationFilter.doFilter(AnonymousAuthenticationFilter.java:100)
	at org.springframework.security.web.FilterChainProxy$VirtualFilterChain.doFilter(FilterChainProxy.java:374)
	at org.springframework.security.web.servletapi.SecurityContextHolderAwareRequestFilter.doFilter(SecurityContextHolderAwareRequestFilter.java:179)
	at org.springframework.security.web.FilterChainProxy$VirtualFilterChain.doFilter(FilterChainProxy.java:374)
	at org.springframework.security.web.savedrequest.RequestCacheAwareFilter.doFilter(RequestCacheAwareFilter.java:63)
	at org.springframework.security.web.FilterChainProxy$VirtualFilterChain.doFilter(FilterChainProxy.java:374)
	at com.example.jwtexam.jwt.filter.JwtAuthenticationFilter.doFilterInternal(JwtAuthenticationFilter.java:78)
	at org.springframework.web.filter.OncePerRequestFilter.doFilter(OncePerRequestFilter.java:116)
	at org.springframework.security.web.FilterChainProxy$VirtualFilterChain.doFilter(FilterChainProxy.java:374)
	at org.springframework.security.web.authentication.logout.LogoutFilter.doFilter(LogoutFilter.java:107)
	at org.springframework.security.web.authentication.logout.LogoutFilter.doFilter(LogoutFilter.java:93)
	at org.springframework.security.web.FilterChainProxy$VirtualFilterChain.doFilter(FilterChainProxy.java:374)
	at org.springframework.web.filter.CorsFilter.doFilterInternal(CorsFilter.java:91)
	at org.springframework.web.filter.OncePerRequestFilter.doFilter(OncePerRequestFilter.java:116)
	at org.springframework.security.web.FilterChainProxy$VirtualFilterChain.doFilter(FilterChainProxy.java:374)
	at org.springframework.security.web.header.HeaderWriterFilter.doHeadersAfter(HeaderWriterFilter.java:90)
	at org.springframework.security.web.header.HeaderWriterFilter.doFilterInternal(HeaderWriterFilter.java:75)
	at org.springframework.web.filter.OncePerRequestFilter.doFilter(OncePerRequestFilter.java:116)
	at org.springframework.security.web.FilterChainProxy$VirtualFilterChain.doFilter(FilterChainProxy.java:374)
	at org.springframework.security.web.context.SecurityContextHolderFilter.doFilter(SecurityContextHolderFilter.java:82)
	at org.springframework.security.web.context.SecurityContextHolderFilter.doFilter(SecurityContextHolderFilter.java:69)
	at org.springframework.security.web.FilterChainProxy$VirtualFilterChain.doFilter(FilterChainProxy.java:374)
	at org.springframework.security.web.context.request.async.WebAsyncManagerIntegrationFilter.doFilterInternal(WebAsyncManagerIntegrationFilter.java:62)
	at org.springframework.web.filter.OncePerRequestFilter.doFilter(OncePerRequestFilter.java:116)
	at org.springframework.security.web.FilterChainProxy$VirtualFilterChain.doFilter(FilterChainProxy.java:374)
	at org.springframework.security.web.session.DisableEncodeUrlFilter.doFilterInternal(DisableEncodeUrlFilter.java:42)
	at org.springframework.web.filter.OncePerRequestFilter.doFilter(OncePerRequestFilter.java:116)
	at org.springframework.security.web.FilterChainProxy$VirtualFilterChain.doFilter(FilterChainProxy.java:374)
	at org.springframework.security.web.FilterChainProxy.doFilterInternal(FilterChainProxy.java:233)
	at org.springframework.security.web.FilterChainProxy.doFilter(FilterChainProxy.java:191)
	at org.springframework.web.filter.CompositeFilter$VirtualFilterChain.doFilter(CompositeFilter.java:113)
	at org.springframework.web.servlet.handler.HandlerMappingIntrospector.lambda$createCacheFilter$3(HandlerMappingIntrospector.java:243)
	at org.springframework.web.filter.CompositeFilter$VirtualFilterChain.doFilter(CompositeFilter.java:113)
	at org.springframework.web.filter.CompositeFilter.doFilter(CompositeFilter.java:74)
	at org.springframework.security.config.annotation.web.configuration.WebMvcSecurityConfiguration$CompositeFilterChainProxy.doFilter(WebMvcSecurityConfiguration.java:238)
	at org.springframework.web.filter.DelegatingFilterProxy.invokeDelegate(DelegatingFilterProxy.java:362)
	at org.springframework.web.filter.DelegatingFilterProxy.doFilter(DelegatingFilterProxy.java:278)
	at org.apache.catalina.core.ApplicationFilterChain.internalDoFilter(ApplicationFilterChain.java:164)
	at org.apache.catalina.core.ApplicationFilterChain.doFilter(ApplicationFilterChain.java:140)
	at org.springframework.web.filter.RequestContextFilter.doFilterInternal(RequestContextFilter.java:100)
	at org.springframework.web.filter.OncePerRequestFilter.doFilter(OncePerRequestFilter.java:116)
	at org.apache.catalina.core.ApplicationFilterChain.internalDoFilter(ApplicationFilterChain.java:164)
	at org.apache.catalina.core.ApplicationFilterChain.doFilter(ApplicationFilterChain.java:140)
	at org.springframework.web.filter.FormContentFilter.doFilterInternal(FormContentFilter.java:93)
	at org.springframework.web.filter.OncePerRequestFilter.doFilter(OncePerRequestFilter.java:116)
	at org.apache.catalina.core.ApplicationFilterChain.internalDoFilter(ApplicationFilterChain.java:164)
	at org.apache.catalina.core.ApplicationFilterChain.doFilter(ApplicationFilterChain.java:140)
	at org.springframework.web.filter.CharacterEncodingFilter.doFilterInternal(CharacterEncodingFilter.java:201)
	at org.springframework.web.filter.OncePerRequestFilter.doFilter(OncePerRequestFilter.java:116)
	at org.apache.catalina.core.ApplicationFilterChain.internalDoFilter(ApplicationFilterChain.java:164)
	at org.apache.catalina.core.ApplicationFilterChain.doFilter(ApplicationFilterChain.java:140)
	at org.apache.catalina.core.StandardWrapperValve.invoke(StandardWrapperValve.java:167)
	at org.apache.catalina.core.StandardContextValve.invoke(StandardContextValve.java:90)
	at org.apache.catalina.authenticator.AuthenticatorBase.invoke(AuthenticatorBase.java:483)
	at org.apache.catalina.core.StandardHostValve.invoke(StandardHostValve.java:115)
	at org.apache.catalina.valves.ErrorReportValve.invoke(ErrorReportValve.java:93)
	at org.apache.catalina.core.StandardEngineValve.invoke(StandardEngineValve.java:74)
	at org.apache.catalina.connector.CoyoteAdapter.service(CoyoteAdapter.java:344)
	at org.apache.coyote.http11.Http11Processor.service(Http11Processor.java:397)
	at org.apache.coyote.AbstractProcessorLight.process(AbstractProcessorLight.java:63)
	at org.apache.coyote.AbstractProtocol$ConnectionHandler.process(AbstractProtocol.java:905)
	at org.apache.tomcat.util.net.NioEndpoint$SocketProcessor.doRun(NioEndpoint.java:1743)
	at org.apache.tomcat.util.net.SocketProcessorBase.run(SocketProcessorBase.java:52)
	at org.apache.tomcat.util.threads.ThreadPoolExecutor.runWorker(ThreadPoolExecutor.java:1190)
	at org.apache.tomcat.util.threads.ThreadPoolExecutor$Worker.run(ThreadPoolExecutor.java:659)
	at org.apache.tomcat.util.threads.TaskThread$WrappingRunnable.run(TaskThread.java:63)
	at java.base/java.lang.Thread.run(Thread.java:1583)
[2025-03-09 21:21:50] TRACE [http-nio-2080-exec-7] o.s.s.w.h.writers.HstsHeaderWriter - Not injecting HSTS header since it did not match request to [Is Secure]
[2025-03-09 21:21:50] TRACE [http-nio-2080-exec-8] o.s.security.web.FilterChainProxy - Trying to match request against DefaultSecurityFilterChain defined as 'securityFilterChain' in [class path resource [com/example/jwtexam/config/SecurityConfig.class]] matching [any request] and having filters [DisableEncodeUrl, WebAsyncManagerIntegration, SecurityContextHolder, HeaderWriter, Cors, Logout, JwtAuthentication, RequestCacheAware, SecurityContextHolderAwareRequest, AnonymousAuthentication, SessionManagement, ExceptionTranslation, Authorization] (1/1)
[2025-03-09 21:21:50] DEBUG [http-nio-2080-exec-8] o.s.security.web.FilterChainProxy - Securing GET /favicon.ico
[2025-03-09 21:21:50] TRACE [http-nio-2080-exec-8] o.s.security.web.FilterChainProxy - Invoking DisableEncodeUrlFilter (1/13)
[2025-03-09 21:21:50] TRACE [http-nio-2080-exec-8] o.s.security.web.FilterChainProxy - Invoking WebAsyncManagerIntegrationFilter (2/13)
[2025-03-09 21:21:50] TRACE [http-nio-2080-exec-8] o.s.security.web.FilterChainProxy - Invoking SecurityContextHolderFilter (3/13)
[2025-03-09 21:21:50] TRACE [http-nio-2080-exec-8] o.s.security.web.FilterChainProxy - Invoking HeaderWriterFilter (4/13)
[2025-03-09 21:21:50] TRACE [http-nio-2080-exec-8] o.s.security.web.FilterChainProxy - Invoking CorsFilter (5/13)
[2025-03-09 21:21:50] TRACE [http-nio-2080-exec-8] o.s.security.web.FilterChainProxy - Invoking LogoutFilter (6/13)
[2025-03-09 21:21:50] TRACE [http-nio-2080-exec-8] o.s.s.w.a.logout.LogoutFilter - Did not match request to Or [Ant [pattern='/logout', GET], Ant [pattern='/logout', POST], Ant [pattern='/logout', PUT], Ant [pattern='/logout', DELETE]]
[2025-03-09 21:21:50] TRACE [http-nio-2080-exec-8] o.s.security.web.FilterChainProxy - Invoking JwtAuthenticationFilter (7/13)
[2025-03-09 21:21:50] TRACE [http-nio-2080-exec-8] o.s.security.web.FilterChainProxy - Invoking RequestCacheAwareFilter (8/13)
[2025-03-09 21:21:50] TRACE [http-nio-2080-exec-8] o.s.security.web.FilterChainProxy - Invoking SecurityContextHolderAwareRequestFilter (9/13)
[2025-03-09 21:21:50] TRACE [http-nio-2080-exec-8] o.s.security.web.FilterChainProxy - Invoking AnonymousAuthenticationFilter (10/13)
[2025-03-09 21:21:50] TRACE [http-nio-2080-exec-8] o.s.security.web.FilterChainProxy - Invoking SessionManagementFilter (11/13)
[2025-03-09 21:21:50] TRACE [http-nio-2080-exec-8] o.s.s.w.c.SupplierDeferredSecurityContext - Created SecurityContextImpl [Null authentication]
[2025-03-09 21:21:50] TRACE [http-nio-2080-exec-8] o.s.s.w.a.AnonymousAuthenticationFilter - Set SecurityContextHolder to AnonymousAuthenticationToken [Principal=anonymousUser, Credentials=[PROTECTED], Authenticated=true, Details=WebAuthenticationDetails [RemoteIpAddress=0:0:0:0:0:0:0:1, SessionId=null], Granted Authorities=[ROLE_ANONYMOUS]]
[2025-03-09 21:21:50] DEBUG [http-nio-2080-exec-8] o.s.s.w.s.SessionManagementFilter - Request requested invalid session id 19A100B787712717102FEBA7B26BDC68
[2025-03-09 21:21:50] TRACE [http-nio-2080-exec-8] o.s.security.web.FilterChainProxy - Invoking ExceptionTranslationFilter (12/13)
[2025-03-09 21:21:50] TRACE [http-nio-2080-exec-8] o.s.security.web.FilterChainProxy - Invoking AuthorizationFilter (13/13)
[2025-03-09 21:21:50] TRACE [http-nio-2080-exec-8] o.s.s.w.a.i.RequestMatcherDelegatingAuthorizationManager - Authorizing GET /favicon.ico
[2025-03-09 21:21:50] TRACE [http-nio-2080-exec-8] o.s.s.w.a.i.RequestMatcherDelegatingAuthorizationManager - Checking authorization on GET /favicon.ico using org.springframework.security.authorization.AuthenticatedAuthorizationManager@307ebb81
[2025-03-09 21:21:50] TRACE [http-nio-2080-exec-8] o.s.s.w.a.ExceptionTranslationFilter - Sending AnonymousAuthenticationToken [Principal=anonymousUser, Credentials=[PROTECTED], Authenticated=true, Details=WebAuthenticationDetails [RemoteIpAddress=0:0:0:0:0:0:0:1, SessionId=null], Granted Authorities=[ROLE_ANONYMOUS]] to authentication entry point since access is denied
org.springframework.security.authorization.AuthorizationDeniedException: Access Denied
	at org.springframework.security.web.access.intercept.AuthorizationFilter.doFilter(AuthorizationFilter.java:99)
	at org.springframework.security.web.FilterChainProxy$VirtualFilterChain.doFilter(FilterChainProxy.java:374)
	at org.springframework.security.web.access.ExceptionTranslationFilter.doFilter(ExceptionTranslationFilter.java:126)
	at org.springframework.security.web.access.ExceptionTranslationFilter.doFilter(ExceptionTranslationFilter.java:120)
	at org.springframework.security.web.FilterChainProxy$VirtualFilterChain.doFilter(FilterChainProxy.java:374)
	at org.springframework.security.web.session.SessionManagementFilter.doFilter(SessionManagementFilter.java:131)
	at org.springframework.security.web.session.SessionManagementFilter.doFilter(SessionManagementFilter.java:85)
	at org.springframework.security.web.FilterChainProxy$VirtualFilterChain.doFilter(FilterChainProxy.java:374)
	at org.springframework.security.web.authentication.AnonymousAuthenticationFilter.doFilter(AnonymousAuthenticationFilter.java:100)
	at org.springframework.security.web.FilterChainProxy$VirtualFilterChain.doFilter(FilterChainProxy.java:374)
	at org.springframework.security.web.servletapi.SecurityContextHolderAwareRequestFilter.doFilter(SecurityContextHolderAwareRequestFilter.java:179)
	at org.springframework.security.web.FilterChainProxy$VirtualFilterChain.doFilter(FilterChainProxy.java:374)
	at org.springframework.security.web.savedrequest.RequestCacheAwareFilter.doFilter(RequestCacheAwareFilter.java:63)
	at org.springframework.security.web.FilterChainProxy$VirtualFilterChain.doFilter(FilterChainProxy.java:374)
	at com.example.jwtexam.jwt.filter.JwtAuthenticationFilter.doFilterInternal(JwtAuthenticationFilter.java:78)
	at org.springframework.web.filter.OncePerRequestFilter.doFilter(OncePerRequestFilter.java:116)
	at org.springframework.security.web.FilterChainProxy$VirtualFilterChain.doFilter(FilterChainProxy.java:374)
	at org.springframework.security.web.authentication.logout.LogoutFilter.doFilter(LogoutFilter.java:107)
	at org.springframework.security.web.authentication.logout.LogoutFilter.doFilter(LogoutFilter.java:93)
	at org.springframework.security.web.FilterChainProxy$VirtualFilterChain.doFilter(FilterChainProxy.java:374)
	at org.springframework.web.filter.CorsFilter.doFilterInternal(CorsFilter.java:91)
	at org.springframework.web.filter.OncePerRequestFilter.doFilter(OncePerRequestFilter.java:116)
	at org.springframework.security.web.FilterChainProxy$VirtualFilterChain.doFilter(FilterChainProxy.java:374)
	at org.springframework.security.web.header.HeaderWriterFilter.doHeadersAfter(HeaderWriterFilter.java:90)
	at org.springframework.security.web.header.HeaderWriterFilter.doFilterInternal(HeaderWriterFilter.java:75)
	at org.springframework.web.filter.OncePerRequestFilter.doFilter(OncePerRequestFilter.java:116)
	at org.springframework.security.web.FilterChainProxy$VirtualFilterChain.doFilter(FilterChainProxy.java:374)
	at org.springframework.security.web.context.SecurityContextHolderFilter.doFilter(SecurityContextHolderFilter.java:82)
	at org.springframework.security.web.context.SecurityContextHolderFilter.doFilter(SecurityContextHolderFilter.java:69)
	at org.springframework.security.web.FilterChainProxy$VirtualFilterChain.doFilter(FilterChainProxy.java:374)
	at org.springframework.security.web.context.request.async.WebAsyncManagerIntegrationFilter.doFilterInternal(WebAsyncManagerIntegrationFilter.java:62)
	at org.springframework.web.filter.OncePerRequestFilter.doFilter(OncePerRequestFilter.java:116)
	at org.springframework.security.web.FilterChainProxy$VirtualFilterChain.doFilter(FilterChainProxy.java:374)
	at org.springframework.security.web.session.DisableEncodeUrlFilter.doFilterInternal(DisableEncodeUrlFilter.java:42)
	at org.springframework.web.filter.OncePerRequestFilter.doFilter(OncePerRequestFilter.java:116)
	at org.springframework.security.web.FilterChainProxy$VirtualFilterChain.doFilter(FilterChainProxy.java:374)
	at org.springframework.security.web.FilterChainProxy.doFilterInternal(FilterChainProxy.java:233)
	at org.springframework.security.web.FilterChainProxy.doFilter(FilterChainProxy.java:191)
	at org.springframework.web.filter.CompositeFilter$VirtualFilterChain.doFilter(CompositeFilter.java:113)
	at org.springframework.web.servlet.handler.HandlerMappingIntrospector.lambda$createCacheFilter$3(HandlerMappingIntrospector.java:243)
	at org.springframework.web.filter.CompositeFilter$VirtualFilterChain.doFilter(CompositeFilter.java:113)
	at org.springframework.web.filter.CompositeFilter.doFilter(CompositeFilter.java:74)
	at org.springframework.security.config.annotation.web.configuration.WebMvcSecurityConfiguration$CompositeFilterChainProxy.doFilter(WebMvcSecurityConfiguration.java:238)
	at org.springframework.web.filter.DelegatingFilterProxy.invokeDelegate(DelegatingFilterProxy.java:362)
	at org.springframework.web.filter.DelegatingFilterProxy.doFilter(DelegatingFilterProxy.java:278)
	at org.apache.catalina.core.ApplicationFilterChain.internalDoFilter(ApplicationFilterChain.java:164)
	at org.apache.catalina.core.ApplicationFilterChain.doFilter(ApplicationFilterChain.java:140)
	at org.springframework.web.filter.RequestContextFilter.doFilterInternal(RequestContextFilter.java:100)
	at org.springframework.web.filter.OncePerRequestFilter.doFilter(OncePerRequestFilter.java:116)
	at org.apache.catalina.core.ApplicationFilterChain.internalDoFilter(ApplicationFilterChain.java:164)
	at org.apache.catalina.core.ApplicationFilterChain.doFilter(ApplicationFilterChain.java:140)
	at org.springframework.web.filter.FormContentFilter.doFilterInternal(FormContentFilter.java:93)
	at org.springframework.web.filter.OncePerRequestFilter.doFilter(OncePerRequestFilter.java:116)
	at org.apache.catalina.core.ApplicationFilterChain.internalDoFilter(ApplicationFilterChain.java:164)
	at org.apache.catalina.core.ApplicationFilterChain.doFilter(ApplicationFilterChain.java:140)
	at org.springframework.web.filter.CharacterEncodingFilter.doFilterInternal(CharacterEncodingFilter.java:201)
	at org.springframework.web.filter.OncePerRequestFilter.doFilter(OncePerRequestFilter.java:116)
	at org.apache.catalina.core.ApplicationFilterChain.internalDoFilter(ApplicationFilterChain.java:164)
	at org.apache.catalina.core.ApplicationFilterChain.doFilter(ApplicationFilterChain.java:140)
	at org.apache.catalina.core.StandardWrapperValve.invoke(StandardWrapperValve.java:167)
	at org.apache.catalina.core.StandardContextValve.invoke(StandardContextValve.java:90)
	at org.apache.catalina.authenticator.AuthenticatorBase.invoke(AuthenticatorBase.java:483)
	at org.apache.catalina.core.StandardHostValve.invoke(StandardHostValve.java:115)
	at org.apache.catalina.valves.ErrorReportValve.invoke(ErrorReportValve.java:93)
	at org.apache.catalina.core.StandardEngineValve.invoke(StandardEngineValve.java:74)
	at org.apache.catalina.connector.CoyoteAdapter.service(CoyoteAdapter.java:344)
	at org.apache.coyote.http11.Http11Processor.service(Http11Processor.java:397)
	at org.apache.coyote.AbstractProcessorLight.process(AbstractProcessorLight.java:63)
	at org.apache.coyote.AbstractProtocol$ConnectionHandler.process(AbstractProtocol.java:905)
	at org.apache.tomcat.util.net.NioEndpoint$SocketProcessor.doRun(NioEndpoint.java:1743)
	at org.apache.tomcat.util.net.SocketProcessorBase.run(SocketProcessorBase.java:52)
	at org.apache.tomcat.util.threads.ThreadPoolExecutor.runWorker(ThreadPoolExecutor.java:1190)
	at org.apache.tomcat.util.threads.ThreadPoolExecutor$Worker.run(ThreadPoolExecutor.java:659)
	at org.apache.tomcat.util.threads.TaskThread$WrappingRunnable.run(TaskThread.java:63)
	at java.base/java.lang.Thread.run(Thread.java:1583)
[2025-03-09 21:21:50] TRACE [http-nio-2080-exec-8] o.s.s.w.h.writers.HstsHeaderWriter - Not injecting HSTS header since it did not match request to [Is Secure]
[2025-03-09 21:21:50] TRACE [http-nio-2080-exec-9] o.s.security.web.FilterChainProxy - Trying to match request against DefaultSecurityFilterChain defined as 'securityFilterChain' in [class path resource [com/example/jwtexam/config/SecurityConfig.class]] matching [any request] and having filters [DisableEncodeUrl, WebAsyncManagerIntegration, SecurityContextHolder, HeaderWriter, Cors, Logout, JwtAuthentication, RequestCacheAware, SecurityContextHolderAwareRequest, AnonymousAuthentication, SessionManagement, ExceptionTranslation, Authorization] (1/1)
[2025-03-09 21:21:50] DEBUG [http-nio-2080-exec-9] o.s.security.web.FilterChainProxy - Securing GET /loginform
[2025-03-09 21:21:50] TRACE [http-nio-2080-exec-9] o.s.security.web.FilterChainProxy - Invoking DisableEncodeUrlFilter (1/13)
[2025-03-09 21:21:50] TRACE [http-nio-2080-exec-9] o.s.security.web.FilterChainProxy - Invoking WebAsyncManagerIntegrationFilter (2/13)
[2025-03-09 21:21:50] TRACE [http-nio-2080-exec-9] o.s.security.web.FilterChainProxy - Invoking SecurityContextHolderFilter (3/13)
[2025-03-09 21:21:50] TRACE [http-nio-2080-exec-9] o.s.security.web.FilterChainProxy - Invoking HeaderWriterFilter (4/13)
[2025-03-09 21:21:50] TRACE [http-nio-2080-exec-9] o.s.security.web.FilterChainProxy - Invoking CorsFilter (5/13)
[2025-03-09 21:21:50] TRACE [http-nio-2080-exec-9] o.s.security.web.FilterChainProxy - Invoking LogoutFilter (6/13)
[2025-03-09 21:21:50] TRACE [http-nio-2080-exec-9] o.s.s.w.a.logout.LogoutFilter - Did not match request to Or [Ant [pattern='/logout', GET], Ant [pattern='/logout', POST], Ant [pattern='/logout', PUT], Ant [pattern='/logout', DELETE]]
[2025-03-09 21:21:50] TRACE [http-nio-2080-exec-9] o.s.security.web.FilterChainProxy - Invoking JwtAuthenticationFilter (7/13)
[2025-03-09 21:21:50] TRACE [http-nio-2080-exec-9] o.s.security.web.FilterChainProxy - Invoking RequestCacheAwareFilter (8/13)
[2025-03-09 21:21:50] TRACE [http-nio-2080-exec-9] o.s.security.web.FilterChainProxy - Invoking SecurityContextHolderAwareRequestFilter (9/13)
[2025-03-09 21:21:50] TRACE [http-nio-2080-exec-9] o.s.security.web.FilterChainProxy - Invoking AnonymousAuthenticationFilter (10/13)
[2025-03-09 21:21:50] TRACE [http-nio-2080-exec-9] o.s.security.web.FilterChainProxy - Invoking SessionManagementFilter (11/13)
[2025-03-09 21:21:50] TRACE [http-nio-2080-exec-9] o.s.s.w.c.SupplierDeferredSecurityContext - Created SecurityContextImpl [Null authentication]
[2025-03-09 21:21:50] TRACE [http-nio-2080-exec-9] o.s.s.w.a.AnonymousAuthenticationFilter - Set SecurityContextHolder to AnonymousAuthenticationToken [Principal=anonymousUser, Credentials=[PROTECTED], Authenticated=true, Details=WebAuthenticationDetails [RemoteIpAddress=0:0:0:0:0:0:0:1, SessionId=null], Granted Authorities=[ROLE_ANONYMOUS]]
[2025-03-09 21:21:50] DEBUG [http-nio-2080-exec-9] o.s.s.w.s.SessionManagementFilter - Request requested invalid session id 19A100B787712717102FEBA7B26BDC68
[2025-03-09 21:21:50] TRACE [http-nio-2080-exec-9] o.s.security.web.FilterChainProxy - Invoking ExceptionTranslationFilter (12/13)
[2025-03-09 21:21:50] TRACE [http-nio-2080-exec-9] o.s.security.web.FilterChainProxy - Invoking AuthorizationFilter (13/13)
[2025-03-09 21:21:50] TRACE [http-nio-2080-exec-9] o.s.s.w.a.i.RequestMatcherDelegatingAuthorizationManager - Authorizing GET /loginform
[2025-03-09 21:21:50] TRACE [http-nio-2080-exec-9] o.s.s.w.a.i.RequestMatcherDelegatingAuthorizationManager - Checking authorization on GET /loginform using org.springframework.security.config.annotation.web.configurers.AuthorizeHttpRequestsConfigurer$$Lambda/0x0000009001992a48@781f0bc0
[2025-03-09 21:21:50] DEBUG [http-nio-2080-exec-9] o.s.security.web.FilterChainProxy - Secured GET /loginform
[2025-03-09 21:21:50] TRACE [http-nio-2080-exec-9] o.s.s.w.h.writers.HstsHeaderWriter - Not injecting HSTS header since it did not match request to [Is Secure]
